[2016-12-05 12:42:11] START
[2016-12-05 13:04:47] EDIT eadtools/models/db.py: 19
[2016-12-05 13:04:50] EDIT eadtools/models/db.py: 0
[2016-12-05 13:06:01] EDIT eadtools/models/db.py: 0
[2016-12-05 13:11:03] EDIT eadtools/models/db.py: -7
[2016-12-05 13:25:43] EDIT eadtools/models/db.py: 6
[2016-12-05 13:52:34] EDIT eadtools/models/db.py: 3
[2016-12-05 14:06:44] EDIT eadtools/models/db.py: 0
[2016-12-05 14:08:02] EDIT eadtools/models/db.py: 0
[2016-12-05 14:09:07] EDIT eadtools/models/db.py: 0
[2016-12-05 14:11:05] EDIT eadtools/models/db.py: 1
[2016-12-05 14:14:10] EDIT eadtools/models/db.py: 0
[2016-12-05 14:15:12] EDIT eadtools/models/db.py: 0
[2016-12-05 14:15:33] EDIT eadtools/models/db.py: 0
[2016-12-05 14:17:11] EDIT eadtools/models/db.py: 0
[2016-12-05 14:23:21] EDIT eadtools/models/db.py: 0
[2016-12-08 20:25:33] EDIT eadtools/models/db.py: 8
[2016-12-08 20:25:53] EDIT eadtools/models/db.py: 0
[2016-12-19 00:47:23] EDIT eadtools/models/db.py: 0
[2016-12-19 00:48:03] EDIT eadtools/models/db.py: 0
[2016-12-19 00:49:48] EDIT eadtools/controllers/default.py: 0
[2016-12-19 00:59:34] EDIT eadtools/controllers/default.py: 5
[2016-12-25 11:58:37] UPLOAD C:/Users/otakai/Desktop/web2py/applications/eadtools/static/foca.png: 23
[2016-12-25 11:58:59] UPLOAD C:/Users/otakai/Desktop/web2py/applications/eadtools/static/cal.jpeg: 51
[2016-12-25 11:59:20] UPLOAD C:/Users/otakai/Desktop/web2py/applications/eadtools/static/lista.jpg: 66
